TN:
SF:/Users/d065687/Development/Git/notification-hub-package/src/lib/cloudconfig.js
FN:10,mongodb_uri_from_VCAP_SERVICES
FN:22,mongodb_uri_from_env
FNF:2
FNH:2
FNDA:1,mongodb_uri_from_VCAP_SERVICES
FNDA:3,mongodb_uri_from_env
DA:7,1
DA:8,1
DA:10,1
DA:11,1
DA:12,1
DA:13,1
DA:15,1
DA:18,0
DA:22,1
DA:24,3
DA:25,3
DA:26,1
DA:27,1
DA:29,1
DA:32,0
DA:33,0
DA:35,1
DA:38,2
DA:39,2
DA:40,2
DA:41,2
DA:43,1
LF:22
LH:19
BRDA:12,1,0,1
BRDA:12,1,1,0
BRDA:25,2,0,1
BRDA:25,2,1,2
BRDA:38,3,0,2
BRDA:38,3,1,1
BRDA:39,4,0,2
BRDA:39,4,1,1
BRF:8
BRH:7
end_of_record
TN:
SF:/Users/d065687/Development/Git/notification-hub-package/src/lib/tokens.js
FN:5,convertToken
FNF:1
FNH:1
FNDA:6,convertToken
DA:5,1
DA:6,6
DA:7,6
DA:8,4
DA:9,4
DA:11,2
DA:12,1
DA:13,1
DA:15,6
DA:17,1
LF:10
LH:10
BRDA:7,1,0,4
BRDA:7,1,1,2
BRDA:7,2,0,6
BRDA:7,2,1,6
BRDA:11,3,0,1
BRDA:11,3,1,1
BRF:6
BRH:6
end_of_record
