<?xml version="1.0" encoding="UTF-8" ?>
<testsuite tests="3" failures="0" name="com.sap.suite.cloud.foundation.currencyconversion.CurrencyConversionUnitTest" time="1.836" errors="0" skipped="0">
  <properties>
[...]
</properties>
  <testcase classname="com.sap.suite.cloud.foundation.currencyconversion.CurrencyConversionUnitTest" name="get_currency_codelist" time="0.832"/>
  <testcase classname="com.sap.suite.cloud.foundation.currencyconversion.CurrencyConversionUnitTest" name="skeletonTest" time="0.597"/>
  <testcase classname="com.sap.suite.cloud.foundation.currencyconversion.CurrencyConversionUnitTest" name="convert_currency" time="0.046"/>
</testsuite>